=== NVD CVE — last 24h (max 100) ===
  fetched: 100 CVEs
  added=100, errors=0
=== NVD CVE — last 24h (max 100) ===
  fetched: 100 CVEs
  added=100, errors=0
=== NVD CVE — last 24h (max 100) ===
  fetched: 100 CVEs
  added=0, errors=100
=== NVD CVE — last 24h (max 100) ===
  fetched: 100 CVEs
  added=100, errors=0
=== NVD CVE — last 24h (max 100) ===
  fetched: 100 CVEs
  added=100, errors=0
=== NVD CVE — last 24h (max 100) ===
  fetched: 83 CVEs
  added=83, errors=0
=== NVD CVE — last 24h (max 100) ===
  fetched: 40 CVEs
  added=40, errors=0
=== NVD CVE — last 24h (max 100) ===
  fetched: 100 CVEs
  added=100, errors=0
=== NVD CVE — last 24h (max 100) ===
  fetched: 100 CVEs
  added=100, errors=0
=== NVD CVE — last 24h (max 100) ===
  fetched: 100 CVEs
  added=100, errors=0
=== NVD CVE — last 24h (max 100) ===
  fetched: 100 CVEs
  added=100, errors=0
=== NVD CVE — last 24h (max 100) ===
  fetched: 100 CVEs
  added=100, errors=0
=== NVD CVE — last 24h (max 100) ===
  fetched: 100 CVEs
  added=100, errors=0
=== NVD CVE — last 24h (max 100) ===
  fetched: 100 CVEs
  added=100, errors=0
=== NVD CVE — last 24h (max 100) ===
  fetched: 100 CVEs
  added=100, errors=0
=== NVD CVE — last 24h (max 100) ===
  fetched: 100 CVEs
  added=100, errors=0
=== NVD CVE — last 24h (max 100) ===
  fetched: 100 CVEs
  added=100, errors=0
=== NVD CVE — last 24h (max 100) ===
  fetched: 100 CVEs
  added=0, errors=100
=== NVD CVE — last 24h (max 100) ===
  fetched: 100 CVEs
  added=0, errors=100
=== NVD CVE — last 24h (max 100) ===
  fetched: 86 CVEs
  added=86, errors=0
  NVD fetch failed: The read operation timed out
=== NVD CVE — last 24h (max 100) ===
  fetched: 0 CVEs
  (no new CVEs or fetch failed)
