=== p2_hourly_cycle start 2026-05-17T08:00:01+09:00 hour_tag=20260517-0800 ===
/home/opsclaw/ccc/scripts/p2_hourly_cycle.sh: line 35: BASTION_HEALTH: unbound variable
[2026-05-17T08:00:04+09:00] push ok
[2026-05-17T08:00:04+09:00] work elapsed=3s budget=3300s
[2026-05-17T08:00:04+09:00] cooling 300s ...
=== p2_hourly_cycle done 2026-05-17T08:05:04+09:00 ===
=== p2_hourly_cycle start 2026-05-17T09:00:01+09:00 hour_tag=20260517-0900 ===
/home/opsclaw/ccc/scripts/p2_hourly_cycle.sh: line 35: BASTION_HEALTH: unbound variable
[2026-05-17T09:00:04+09:00] push ok
[2026-05-17T09:00:04+09:00] work elapsed=3s budget=3300s
[2026-05-17T09:00:04+09:00] cooling 300s ...
=== p2_hourly_cycle done 2026-05-17T09:05:04+09:00 ===
=== p2_hourly_cycle start 2026-05-17T10:00:01+09:00 hour_tag=20260517-1000 ===
/home/opsclaw/ccc/scripts/p2_hourly_cycle.sh: line 35: BASTION_HEALTH: unbound variable
[2026-05-17T10:00:04+09:00] push ok
[2026-05-17T10:00:04+09:00] work elapsed=3s budget=3300s
[2026-05-17T10:00:04+09:00] cooling 300s ...
=== p2_hourly_cycle done 2026-05-17T10:05:04+09:00 ===
=== p2_hourly_cycle v2 start 2026-05-17T11:00:01+09:00 hour_tag=20260517-1100 ===
[2026-05-17T11:00:03+09:00] launching driver (budget 2700s)...
[2026-05-17T11:45:23+09:00] push ok
[2026-05-17T11:45:23+09:00] cycle elapsed=2722s · cooling 300s ...
=== p2_hourly_cycle v2 done 2026-05-17T11:50:23+09:00 ===
=== p2_hourly_cycle v2 start 2026-05-17T12:00:01+09:00 hour_tag=20260517-1200 ===
[2026-05-17T12:00:02+09:00] launching driver (budget 2700s)...
Terminated
[2026-05-17T12:45:04+09:00] push ok
[2026-05-17T12:45:04+09:00] cycle elapsed=2703s · cooling 300s ...
=== p2_hourly_cycle v2 done 2026-05-17T12:50:04+09:00 ===
=== p2_hourly_cycle v2 start 2026-05-17T13:00:01+09:00 hour_tag=20260517-1300 ===
[2026-05-17T13:00:02+09:00] launching driver (budget 2700s)...
/home/opsclaw/ccc/scripts/p2_hourly_cycle.sh: line 60: 608029 Killed                  /usr/bin/timeout --kill-after=30s "${WORK_BUDGET}s" bash "$DRIVER"
[2026-05-17T13:45:34+09:00] push ok
[2026-05-17T13:45:34+09:00] cycle elapsed=2733s · cooling 300s ...
=== p2_hourly_cycle v2 done 2026-05-17T13:50:34+09:00 ===
=== p2_hourly_cycle v2 start 2026-05-17T14:00:01+09:00 hour_tag=20260517-1400 ===
[2026-05-17T14:00:02+09:00] launching driver (budget 2700s)...
/home/opsclaw/ccc/scripts/p2_hourly_cycle.sh: line 60: 647147 Killed                  /usr/bin/timeout --kill-after=30s "${WORK_BUDGET}s" bash "$DRIVER"
[2026-05-17T14:45:34+09:00] push ok
[2026-05-17T14:45:34+09:00] cycle elapsed=2733s · cooling 300s ...
=== p2_hourly_cycle v2 done 2026-05-17T14:50:34+09:00 ===
=== p2_hourly_cycle v2 start 2026-05-17T15:00:01+09:00 hour_tag=20260517-1500 ===
[2026-05-17T15:00:02+09:00] launching driver (budget 2700s)...
/home/opsclaw/ccc/scripts/p2_hourly_cycle.sh: line 60: 686729 Killed                  /usr/bin/timeout --kill-after=30s "${WORK_BUDGET}s" bash "$DRIVER"
[2026-05-17T15:45:34+09:00] push ok
[2026-05-17T15:45:34+09:00] cycle elapsed=2733s · cooling 300s ...
=== p2_hourly_cycle v2 done 2026-05-17T15:50:34+09:00 ===
=== p2_hourly_cycle v2 start 2026-05-17T16:00:01+09:00 hour_tag=20260517-1600 ===
[2026-05-17T16:00:03+09:00] launching driver (budget 2700s)...
/home/opsclaw/ccc/scripts/p2_hourly_cycle.sh: line 60: 725815 Killed                  /usr/bin/timeout --kill-after=30s "${WORK_BUDGET}s" bash "$DRIVER"
[2026-05-17T16:45:34+09:00] push ok
[2026-05-17T16:45:34+09:00] cycle elapsed=2733s · cooling 300s ...
=== p2_hourly_cycle v2 done 2026-05-17T16:50:34+09:00 ===
=== p2_hourly_cycle v2 start 2026-05-17T17:00:01+09:00 hour_tag=20260517-1700 ===
[2026-05-17T17:00:03+09:00] launching driver (budget 2700s)...
/home/opsclaw/ccc/scripts/p2_hourly_cycle.sh: line 60: 765941 Killed                  /usr/bin/timeout --kill-after=30s "${WORK_BUDGET}s" bash "$DRIVER"
[2026-05-17T17:45:34+09:00] push ok
[2026-05-17T17:45:34+09:00] cycle elapsed=2733s · cooling 300s ...
=== p2_hourly_cycle v2 done 2026-05-17T17:50:34+09:00 ===
=== p2_hourly_cycle v2 start 2026-05-17T18:00:01+09:00 hour_tag=20260517-1800 ===
[2026-05-17T18:00:03+09:00] launching driver (budget 2700s)...
Terminated
